[ 2019-04-09T14:00:51+08:00 ] 127.0.0.1 /favicon.ico
INFO: [ app_init ] --START--
INFO: Run Behavior\BuildLiteBehavior [ RunTime:0.000000s ]
INFO: [ app_init ] --END-- [ RunTime:0.000000s ]

[ 2019-04-09T14:26:08+08:00 ] 127.0.0.1 /jscss/admin/design/
INFO: [ app_init ] --START--
INFO: Run Behavior\BuildLiteBehavior [ RunTime:0.000000s ]
INFO: [ app_init ] --END-- [ RunTime:0.001000s ]
ERR: 无法加载模块:Jscss

[ 2019-04-09T14:26:11+08:00 ] 127.0.0.1 /jscss/admin/design/
INFO: [ app_init ] --START--
INFO: Run Behavior\BuildLiteBehavior [ RunTime:0.000000s ]
INFO: [ app_init ] --END-- [ RunTime:0.001000s ]
ERR: 无法加载模块:Jscss

[ 2019-04-09T19:42:28+08:00 ] 127.0.0.1 /Public/Uploads/20190409/sm_5cac624578e09.jpg
INFO: [ app_init ] --START--
INFO: Run Behavior\BuildLiteBehavior [ RunTime:0.000000s ]
INFO: [ app_init ] --END-- [ RunTime:0.001000s ]

[ 2019-04-09T19:42:36+08:00 ] 127.0.0.1 /Public/Uploads/20190409/sm_5cac624578e09.jpg
INFO: [ app_init ] --START--
INFO: Run Behavior\BuildLiteBehavior [ RunTime:0.000000s ]
INFO: [ app_init ] --END-- [ RunTime:0.001000s ]

[ 2019-04-09T19:52:02+08:00 ] 127.0.0.1 /Public/Uploads/20190409/sm_5cac624578e09.jpg
INFO: [ app_init ] --START--
INFO: Run Behavior\BuildLiteBehavior [ RunTime:0.000000s ]
INFO: [ app_init ] --END-- [ RunTime:0.003000s ]

[ 2019-04-09T20:03:09+08:00 ] 127.0.0.1 /Public/Uploads/20190409/sm_5cac624578e09.jpg
INFO: [ app_init ] --START--
INFO: Run Behavior\BuildLiteBehavior [ RunTime:0.000000s ]
INFO: [ app_init ] --END-- [ RunTime:0.002000s ]

[ 2019-04-09T20:03:51+08:00 ] 127.0.0.1 /Public/Uploads/20190409/sm_5cac624578e09.jpg
INFO: [ app_init ] --START--
INFO: Run Behavior\BuildLiteBehavior [ RunTime:0.000000s ]
INFO: [ app_init ] --END-- [ RunTime:0.000000s ]

[ 2019-04-09T20:03:53+08:00 ] 127.0.0.1 /Public/Uploads/20190409/sm_5cac624578e09.jpg
INFO: [ app_init ] --START--
INFO: Run Behavior\BuildLiteBehavior [ RunTime:0.000000s ]
INFO: [ app_init ] --END-- [ RunTime:0.001000s ]

