[ 2019-04-10T14:02:21+08:00 ] 127.0.0.1 /favicon.ico
INFO: [ app_init ] --START--
INFO: Run Behavior\BuildLiteBehavior [ RunTime:0.000000s ]
INFO: [ app_init ] --END-- [ RunTime:0.001000s ]

[ 2019-04-10T15:31:54+08:00 ] 127.0.0.1 /favicon.ico
INFO: [ app_init ] --START--
INFO: Run Behavior\BuildLiteBehavior [ RunTime:0.000000s ]
INFO: [ app_init ] --END-- [ RunTime:0.000000s ]

[ 2019-04-10T16:47:32+08:00 ] 127.0.0.1 /g
INFO: [ app_init ] --START--
INFO: Run Behavior\BuildLiteBehavior [ RunTime:0.000000s ]
INFO: [ app_init ] --END-- [ RunTime:0.002001s ]
ERR: 无法加载模块:G

[ 2019-04-10T16:47:34+08:00 ] 127.0.0.1 /g
INFO: [ app_init ] --START--
INFO: Run Behavior\BuildLiteBehavior [ RunTime:0.000000s ]
INFO: [ app_init ] --END-- [ RunTime:0.001000s ]
ERR: 无法加载模块:G

[ 2019-04-10T16:47:36+08:00 ] 127.0.0.1 /g
INFO: [ app_init ] --START--
INFO: Run Behavior\BuildLiteBehavior [ RunTime:0.000000s ]
INFO: [ app_init ] --END-- [ RunTime:0.001001s ]
ERR: 无法加载模块:G

[ 2019-04-10T16:52:28+08:00 ] 127.0.0.1 /Public/Uploads/20190410/sm_sm_5cadab17030c1.jpg
INFO: [ app_init ] --START--
INFO: Run Behavior\BuildLiteBehavior [ RunTime:0.000000s ]
INFO: [ app_init ] --END-- [ RunTime:0.000000s ]

[ 2019-04-10T16:53:31+08:00 ] 127.0.0.1 /Public/Uploads/20190410/sm_sm_5cadab17030c1.jpg
INFO: [ app_init ] --START--
INFO: Run Behavior\BuildLiteBehavior [ RunTime:0.000000s ]
INFO: [ app_init ] --END-- [ RunTime:0.004001s ]

[ 2019-04-10T16:53:32+08:00 ] 127.0.0.1 /Public/Uploads/20190410/sm_sm_5cadab17030c1.jpg
INFO: [ app_init ] --START--
INFO: Run Behavior\BuildLiteBehavior [ RunTime:0.000000s ]
INFO: [ app_init ] --END-- [ RunTime:0.002000s ]

[ 2019-04-10T16:53:32+08:00 ] 127.0.0.1 /Public/Uploads/20190410/sm_sm_5cadab17030c1.jpg
INFO: [ app_init ] --START--
INFO: Run Behavior\BuildLiteBehavior [ RunTime:0.000000s ]
INFO: [ app_init ] --END-- [ RunTime:0.001000s ]

[ 2019-04-10T16:53:32+08:00 ] 127.0.0.1 /Public/Uploads/20190410/sm_sm_5cadab17030c1.jpg
INFO: [ app_init ] --START--
INFO: Run Behavior\BuildLiteBehavior [ RunTime:0.000000s ]
INFO: [ app_init ] --END-- [ RunTime:0.001000s ]

[ 2019-04-10T16:53:32+08:00 ] 127.0.0.1 /Public/Uploads/20190410/sm_sm_5cadab17030c1.jpg
INFO: [ app_init ] --START--
INFO: Run Behavior\BuildLiteBehavior [ RunTime:0.000000s ]
INFO: [ app_init ] --END-- [ RunTime:0.001000s ]

[ 2019-04-10T17:27:57+08:00 ] 127.0.0.1 /Public/Uploads/20190410/sm_sm_5cadb25f25228.gif
INFO: [ app_init ] --START--
INFO: Run Behavior\BuildLiteBehavior [ RunTime:0.000000s ]
INFO: [ app_init ] --END-- [ RunTime:0.001000s ]

[ 2019-04-10T17:27:59+08:00 ] 127.0.0.1 /Public/Uploads/20190409/sm_sm_5cac8b7bac026.jpg
INFO: [ app_init ] --START--
INFO: Run Behavior\BuildLiteBehavior [ RunTime:0.000000s ]
INFO: [ app_init ] --END-- [ RunTime:0.000000s ]

[ 2019-04-10T17:28:00+08:00 ] 127.0.0.1 /Public/Uploads/20190410/sm_sm_5cada83ccacfd.gif
INFO: [ app_init ] --START--
INFO: Run Behavior\BuildLiteBehavior [ RunTime:0.000000s ]
INFO: [ app_init ] --END-- [ RunTime:0.001000s ]

[ 2019-04-10T17:28:01+08:00 ] 127.0.0.1 /Public/Uploads/20190409/sm_sm_5cac8b5fc63b3.png
INFO: [ app_init ] --START--
INFO: Run Behavior\BuildLiteBehavior [ RunTime:0.000000s ]
INFO: [ app_init ] --END-- [ RunTime:0.001001s ]

[ 2019-04-10T17:28:01+08:00 ] 127.0.0.1 /Public/Uploads/20190409/sm_sm_5cac8b321ab1d.png
INFO: [ app_init ] --START--
INFO: Run Behavior\BuildLiteBehavior [ RunTime:0.000000s ]
INFO: [ app_init ] --END-- [ RunTime:0.001000s ]

[ 2019-04-10T17:28:03+08:00 ] 127.0.0.1 /Public/Uploads/20190409/sm_sm_5cac8af00d13b.jpg
INFO: [ app_init ] --START--
INFO: Run Behavior\BuildLiteBehavior [ RunTime:0.001000s ]
INFO: [ app_init ] --END-- [ RunTime:0.003000s ]

[ 2019-04-10T17:28:03+08:00 ] 127.0.0.1 /Public/Uploads/20190409/sm_sm_5cac8b0e64e73.png
INFO: [ app_init ] --START--
INFO: Run Behavior\BuildLiteBehavior [ RunTime:0.000000s ]
INFO: [ app_init ] --END-- [ RunTime:0.001001s ]

[ 2019-04-10T17:30:13+08:00 ] 127.0.0.1 /Public/Uploads/20190409/sm_sm_5cac8af00d13b.jpg
INFO: [ app_init ] --START--
INFO: Run Behavior\BuildLiteBehavior [ RunTime:0.000000s ]
INFO: [ app_init ] --END-- [ RunTime:0.001000s ]

[ 2019-04-10T17:30:13+08:00 ] 127.0.0.1 /Public/Uploads/20190409/sm_sm_5cac8b0e64e73.png
INFO: [ app_init ] --START--
INFO: Run Behavior\BuildLiteBehavior [ RunTime:0.000000s ]
INFO: [ app_init ] --END-- [ RunTime:0.001000s ]

[ 2019-04-10T17:30:14+08:00 ] 127.0.0.1 /Public/Uploads/20190409/sm_sm_5cac8af00d13b.jpg
INFO: [ app_init ] --START--
INFO: Run Behavior\BuildLiteBehavior [ RunTime:0.000000s ]
INFO: [ app_init ] --END-- [ RunTime:0.001000s ]

[ 2019-04-10T17:30:14+08:00 ] 127.0.0.1 /Public/Uploads/20190409/sm_sm_5cac8b0e64e73.png
INFO: [ app_init ] --START--
INFO: Run Behavior\BuildLiteBehavior [ RunTime:0.000000s ]
INFO: [ app_init ] --END-- [ RunTime:0.002000s ]

[ 2019-04-10T17:30:14+08:00 ] 127.0.0.1 /Public/Uploads/20190409/sm_sm_5cac8af00d13b.jpg
INFO: [ app_init ] --START--
INFO: Run Behavior\BuildLiteBehavior [ RunTime:0.000000s ]
INFO: [ app_init ] --END-- [ RunTime:0.000000s ]

[ 2019-04-10T17:30:14+08:00 ] 127.0.0.1 /Public/Uploads/20190409/sm_sm_5cac8b0e64e73.png
INFO: [ app_init ] --START--
INFO: Run Behavior\BuildLiteBehavior [ RunTime:0.000000s ]
INFO: [ app_init ] --END-- [ RunTime:0.000000s ]

[ 2019-04-10T17:30:14+08:00 ] 127.0.0.1 /Public/Uploads/20190409/sm_sm_5cac8b0e64e73.png
INFO: [ app_init ] --START--
INFO: Run Behavior\BuildLiteBehavior [ RunTime:0.000000s ]
INFO: [ app_init ] --END-- [ RunTime:0.001000s ]

[ 2019-04-10T17:30:14+08:00 ] 127.0.0.1 /Public/Uploads/20190409/sm_sm_5cac8af00d13b.jpg
INFO: [ app_init ] --START--
INFO: Run Behavior\BuildLiteBehavior [ RunTime:0.000000s ]
INFO: [ app_init ] --END-- [ RunTime:0.002000s ]

[ 2019-04-10T17:30:15+08:00 ] 127.0.0.1 /Public/Uploads/20190409/sm_sm_5cac8b0e64e73.png
INFO: [ app_init ] --START--
INFO: Run Behavior\BuildLiteBehavior [ RunTime:0.000000s ]
INFO: [ app_init ] --END-- [ RunTime:0.000000s ]

[ 2019-04-10T17:30:15+08:00 ] 127.0.0.1 /Public/Uploads/20190409/sm_sm_5cac8af00d13b.jpg
INFO: [ app_init ] --START--
INFO: Run Behavior\BuildLiteBehavior [ RunTime:0.000000s ]
INFO: [ app_init ] --END-- [ RunTime:0.002000s ]

[ 2019-04-10T17:30:15+08:00 ] 127.0.0.1 /Public/Uploads/20190409/sm_sm_5cac8b0e64e73.png
INFO: [ app_init ] --START--
INFO: Run Behavior\BuildLiteBehavior [ RunTime:0.000000s ]
INFO: [ app_init ] --END-- [ RunTime:0.000000s ]

[ 2019-04-10T17:30:15+08:00 ] 127.0.0.1 /Public/Uploads/20190409/sm_sm_5cac8af00d13b.jpg
INFO: [ app_init ] --START--
INFO: Run Behavior\BuildLiteBehavior [ RunTime:0.000000s ]
INFO: [ app_init ] --END-- [ RunTime:0.001001s ]

[ 2019-04-10T17:30:15+08:00 ] 127.0.0.1 /Public/Uploads/20190409/sm_sm_5cac8b0e64e73.png
INFO: [ app_init ] --START--
INFO: Run Behavior\BuildLiteBehavior [ RunTime:0.000000s ]
INFO: [ app_init ] --END-- [ RunTime:0.001000s ]

[ 2019-04-10T17:30:15+08:00 ] 127.0.0.1 /Public/Uploads/20190409/sm_sm_5cac8af00d13b.jpg
INFO: [ app_init ] --START--
INFO: Run Behavior\BuildLiteBehavior [ RunTime:0.000000s ]
INFO: [ app_init ] --END-- [ RunTime:0.001000s ]

[ 2019-04-10T17:30:15+08:00 ] 127.0.0.1 /Public/Uploads/20190409/sm_sm_5cac8af00d13b.jpg
INFO: [ app_init ] --START--
INFO: Run Behavior\BuildLiteBehavior [ RunTime:0.000000s ]
INFO: [ app_init ] --END-- [ RunTime:0.002000s ]

[ 2019-04-10T17:30:15+08:00 ] 127.0.0.1 /Public/Uploads/20190409/sm_sm_5cac8b0e64e73.png
INFO: [ app_init ] --START--
INFO: Run Behavior\BuildLiteBehavior [ RunTime:0.000000s ]
INFO: [ app_init ] --END-- [ RunTime:0.001000s ]

[ 2019-04-10T18:57:09+08:00 ] 127.0.0.1 /jscss/admin/design/add
INFO: [ app_init ] --START--
INFO: Run Behavior\BuildLiteBehavior [ RunTime:0.000000s ]
INFO: [ app_init ] --END-- [ RunTime:0.000000s ]
ERR: 无法加载模块:Jscss

[ 2019-04-10T18:57:23+08:00 ] 127.0.0.1 /jscss/admin/design/add
INFO: [ app_init ] --START--
INFO: Run Behavior\BuildLiteBehavior [ RunTime:0.000000s ]
INFO: [ app_init ] --END-- [ RunTime:0.000000s ]
ERR: 无法加载模块:Jscss

